e:\all extras here\repos\vs repos\fud\fudform\debug\fudform.pch
e:\all extras here\repos\vs repos\fud\fudform\debug\vc143.pdb
e:\all extras here\repos\vs repos\fud\fudform\debug\stdafx.obj
e:\all extras here\repos\vs repos\fud\fudform\debug\fudform.obj
e:\all extras here\repos\vs repos\fud\fudform\debug\assemblyinfo.obj
e:\all extras here\repos\vs repos\fud\fudform\debug\.netframework,version=v4.7.2.assemblyattributes.obj
e:\all extras here\repos\vs repos\fud\fudform\debug\app.res
e:\all extras here\repos\vs repos\fud\debug\fudform.exe
e:\all extras here\repos\vs repos\fud\fudform\debug\fudform.vcxproj.assemblyreference.cache
e:\all extras here\repos\vs repos\fud\fudform\debug\fudform.vcxproj.generateresource.cache
e:\all extras here\repos\vs repos\fud\fudform\debug\fudform.form1.resources
e:\all extras here\repos\vs repos\fud\fudform\debug\fudform.exe.intermediate.manifest
e:\all extras here\repos\vs repos\fud\fudform\debug\vc90.idb
e:\all extras here\repos\vs repos\fud\fudform\debug\vc90.pdb
e:\all extras here\repos\vs repos\fud\debug\fudform.pdb
e:\all extras here\repos\vs repos\fud\debug\fudform.ilk
e:\all extras here\repos\vs repos\fud\fudform\debug\fudform.tlog\cl.command.1.tlog
e:\all extras here\repos\vs repos\fud\fudform\debug\fudform.tlog\cl.read.1.tlog
e:\all extras here\repos\vs repos\fud\fudform\debug\fudform.tlog\cl.write.1.tlog
e:\all extras here\repos\vs repos\fud\fudform\debug\fudform.tlog\link.10152-cvtres.read.1.tlog
e:\all extras here\repos\vs repos\fud\fudform\debug\fudform.tlog\link.10152-cvtres.write.1.tlog
e:\all extras here\repos\vs repos\fud\fudform\debug\fudform.tlog\link.10152-rc.read.1.tlog
e:\all extras here\repos\vs repos\fud\fudform\debug\fudform.tlog\link.10152-rc.write.1.tlog
e:\all extras here\repos\vs repos\fud\fudform\debug\fudform.tlog\link.10152.read.1.tlog
e:\all extras here\repos\vs repos\fud\fudform\debug\fudform.tlog\link.10152.write.1.tlog
e:\all extras here\repos\vs repos\fud\fudform\debug\fudform.tlog\link.19972-cvtres.read.1.tlog
e:\all extras here\repos\vs repos\fud\fudform\debug\fudform.tlog\link.19972-cvtres.write.1.tlog
e:\all extras here\repos\vs repos\fud\fudform\debug\fudform.tlog\link.19972-rc.read.1.tlog
e:\all extras here\repos\vs repos\fud\fudform\debug\fudform.tlog\link.19972-rc.write.1.tlog
e:\all extras here\repos\vs repos\fud\fudform\debug\fudform.tlog\link.19972.read.1.tlog
e:\all extras here\repos\vs repos\fud\fudform\debug\fudform.tlog\link.19972.write.1.tlog
e:\all extras here\repos\vs repos\fud\fudform\debug\fudform.tlog\link.2448-cvtres.read.1.tlog
e:\all extras here\repos\vs repos\fud\fudform\debug\fudform.tlog\link.2448-cvtres.write.1.tlog
e:\all extras here\repos\vs repos\fud\fudform\debug\fudform.tlog\link.2448-rc.read.1.tlog
e:\all extras here\repos\vs repos\fud\fudform\debug\fudform.tlog\link.2448-rc.write.1.tlog
e:\all extras here\repos\vs repos\fud\fudform\debug\fudform.tlog\link.2448.read.1.tlog
e:\all extras here\repos\vs repos\fud\fudform\debug\fudform.tlog\link.2448.write.1.tlog
e:\all extras here\repos\vs repos\fud\fudform\debug\fudform.tlog\link.9392-cvtres.read.1.tlog
e:\all extras here\repos\vs repos\fud\fudform\debug\fudform.tlog\link.9392-cvtres.write.1.tlog
e:\all extras here\repos\vs repos\fud\fudform\debug\fudform.tlog\link.9392-rc.read.1.tlog
e:\all extras here\repos\vs repos\fud\fudform\debug\fudform.tlog\link.9392-rc.write.1.tlog
e:\all extras here\repos\vs repos\fud\fudform\debug\fudform.tlog\link.9392.read.1.tlog
e:\all extras here\repos\vs repos\fud\fudform\debug\fudform.tlog\link.9392.write.1.tlog
e:\all extras here\repos\vs repos\fud\fudform\debug\fudform.tlog\link.command.1.tlog
e:\all extras here\repos\vs repos\fud\fudform\debug\fudform.tlog\link.read.1.tlog
e:\all extras here\repos\vs repos\fud\fudform\debug\fudform.tlog\link.write.1.tlog
e:\all extras here\repos\vs repos\fud\fudform\debug\fudform.tlog\metagen.read.1.tlog
e:\all extras here\repos\vs repos\fud\fudform\debug\fudform.tlog\metagen.write.1.tlog
e:\all extras here\repos\vs repos\fud\fudform\debug\fudform.tlog\rc.command.1.tlog
e:\all extras here\repos\vs repos\fud\fudform\debug\fudform.tlog\rc.read.1.tlog
e:\all extras here\repos\vs repos\fud\fudform\debug\fudform.tlog\rc.write.1.tlog
e:\all extras here\repos\vs repos\fud\fudform\debug\fudform.tlog\resgen.command.1.tlog
e:\all extras here\repos\vs repos\fud\fudform\debug\fudform.tlog\resgen.read.1.tlog
e:\all extras here\repos\vs repos\fud\fudform\debug\fudform.tlog\resgen.write.1.tlog
